16:17:59,305 - [MAIN] - ERROR - Bussiness.BaseBussiness - GetServerConfig
System.NullReferenceException: Referência de objeto não definida para uma instância de um objeto.
   em Bussiness.ServiceBussiness.GetServerPropertyByKey(String key) na C:\projeto ddtank 4.1\Source4.5\Bussiness\ServiceBussiness.cs:linha 280
16:17:59,347 - [MAIN] - ERROR - Bussiness.GameProperties - Cannot find server property AssState,keep it default value!
16:17:59,358 - [MAIN] - ERROR - Bussiness.BaseBussiness - GetServerConfig
System.NullReferenceException: Referência de objeto não definida para uma instância de um objeto.
   em Bussiness.ServiceBussiness.GetServerPropertyByKey(String key) na C:\projeto ddtank 4.1\Source4.5\Bussiness\ServiceBussiness.cs:linha 280
16:17:59,374 - [MAIN] - ERROR - Bussiness.GameProperties - Cannot find server property BagMailEnable,keep it default value!
16:17:59,378 - [MAIN] - ERROR - Bussiness.BaseBussiness - GetServerConfig
System.NullReferenceException: Referência de objeto não definida para uma instância de um objeto.
   em Bussiness.ServiceBussiness.GetServerPropertyByKey(String key) na C:\projeto ddtank 4.1\Source4.5\Bussiness\ServiceBussiness.cs:linha 280
16:17:59,379 - [MAIN] - ERROR - Bussiness.GameProperties - Cannot find server property BeginAuction,keep it default value!
16:17:59,387 - [MAIN] - ERROR - Bussiness.BaseBussiness - GetServerConfig
System.NullReferenceException: Referência de objeto não definida para uma instância de um objeto.
   em Bussiness.ServiceBussiness.GetServerPropertyByKey(String key) na C:\projeto ddtank 4.1\Source4.5\Bussiness\ServiceBussiness.cs:linha 280
16:17:59,390 - [MAIN] - ERROR - Bussiness.GameProperties - Cannot find server property servidor,keep it default value!
16:17:59,402 - [MAIN] - ERROR - Bussiness.BaseBussiness - GetServerConfig
System.NullReferenceException: Referência de objeto não definida para uma instância de um objeto.
   em Bussiness.ServiceBussiness.GetServerPropertyByKey(String key) na C:\projeto ddtank 4.1\Source4.5\Bussiness\ServiceBussiness.cs:linha 280
16:17:59,406 - [MAIN] - ERROR - Bussiness.GameProperties - Cannot find server property BigDicePrice,keep it default value!
16:17:59,413 - [MAIN] - ERROR - Bussiness.BaseBussiness - GetServerConfig
System.NullReferenceException: Referência de objeto não definida para uma instância de um objeto.
   em Bussiness.ServiceBussiness.GetServerPropertyByKey(String key) na C:\projeto ddtank 4.1\Source4.5\Bussiness\ServiceBussiness.cs:linha 280
16:17:59,419 - [MAIN] - ERROR - Bussiness.GameProperties - Cannot find server property SmallDicePrice,keep it default value!
16:17:59,428 - [MAIN] - ERROR - Bussiness.BaseBussiness - GetServerConfig
System.NullReferenceException: Referência de objeto não definida para uma instância de um objeto.
   em Bussiness.ServiceBussiness.GetServerPropertyByKey(String key) na C:\projeto ddtank 4.1\Source4.5\Bussiness\ServiceBussiness.cs:linha 280
16:17:59,432 - [MAIN] - ERROR - Bussiness.GameProperties - Cannot find server property BigExp,keep it default value!
16:17:59,442 - [MAIN] - ERROR - Bussiness.BaseBussiness - GetServerConfig
System.NullReferenceException: Referência de objeto não definida para uma instância de um objeto.
   em Bussiness.ServiceBussiness.GetServerPropertyByKey(String key) na C:\projeto ddtank 4.1\Source4.5\Bussiness\ServiceBussiness.cs:linha 280
16:17:59,451 - [MAIN] - ERROR - Bussiness.GameProperties - Cannot find server property BoguAdventurePrice,keep it default value!
16:17:59,464 - [MAIN] - ERROR - Bussiness.BaseBussiness - GetServerConfig
System.NullReferenceException: Referência de objeto não definida para uma instância de um objeto.
   em Bussiness.ServiceBussiness.GetServerPropertyByKey(String key) na C:\projeto ddtank 4.1\Source4.5\Bussiness\ServiceBussiness.cs:linha 280
16:17:59,471 - [MAIN] - ERROR - Bussiness.GameProperties - Cannot find server property BoxAppearCondition,keep it default value!
16:17:59,477 - [MAIN] - ERROR - Bussiness.BaseBussiness - GetServerConfig
System.NullReferenceException: Referência de objeto não definida para uma instância de um objeto.
   em Bussiness.ServiceBussiness.GetServerPropertyByKey(String key) na C:\projeto ddtank 4.1\Source4.5\Bussiness\ServiceBussiness.cs:linha 280
16:17:59,482 - [MAIN] - ERROR - Bussiness.GameProperties - Cannot find server property Cess,keep it default value!
16:17:59,490 - [MAIN] - ERROR - Bussiness.BaseBussiness - GetServerConfig
System.NullReferenceException: Referência de objeto não definida para uma instância de um objeto.
   em Bussiness.ServiceBussiness.GetServerPropertyByKey(String key) na C:\projeto ddtank 4.1\Source4.5\Bussiness\ServiceBussiness.cs:linha 280
16:17:59,492 - [MAIN] - ERROR - Bussiness.GameProperties - Cannot find server property CommonDicePrice,keep it default value!
16:17:59,501 - [MAIN] - ERROR - Bussiness.BaseBussiness - GetServerConfig
System.NullReferenceException: Referência de objeto não definida para uma instância de um objeto.
   em Bussiness.ServiceBussiness.GetServerPropertyByKey(String key) na C:\projeto ddtank 4.1\Source4.5\Bussiness\ServiceBussiness.cs:linha 280
16:17:59,505 - [MAIN] - ERROR - Bussiness.GameProperties - Cannot find server property ConsortiaStrengthenEx,keep it default value!
16:17:59,517 - [MAIN] - ERROR - Bussiness.BaseBussiness - GetServerConfig
System.NullReferenceException: Referência de objeto não definida para uma instância de um objeto.
   em Bussiness.ServiceBussiness.GetServerPropertyByKey(String key) na C:\projeto ddtank 4.1\Source4.5\Bussiness\ServiceBussiness.cs:linha 280
16:17:59,522 - [MAIN] - ERROR - Bussiness.GameProperties - Cannot find server property CustomLimit,keep it default value!
16:17:59,528 - [MAIN] - ERROR - Bussiness.BaseBussiness - GetServerConfig
System.NullReferenceException: Referência de objeto não definida para uma instância de um objeto.
   em Bussiness.ServiceBussiness.GetServerPropertyByKey(String key) na C:\projeto ddtank 4.1\Source4.5\Bussiness\ServiceBussiness.cs:linha 280
16:17:59,533 - [MAIN] - ERROR - Bussiness.GameProperties - Cannot find server property CheckCount,keep it default value!
16:17:59,541 - [MAIN] - ERROR - Bussiness.BaseBussiness - GetServerConfig
System.NullReferenceException: Referência de objeto não definida para uma instância de um objeto.
   em Bussiness.ServiceBussiness.GetServerPropertyByKey(String key) na C:\projeto ddtank 4.1\Source4.5\Bussiness\ServiceBussiness.cs:linha 280
16:17:59,545 - [MAIN] - ERROR - Bussiness.GameProperties - Cannot find server property CheckRewardItem,keep it default value!
16:17:59,559 - [MAIN] - ERROR - Bussiness.BaseBussiness - GetServerConfig
System.NullReferenceException: Referência de objeto não definida para uma instância de um objeto.
   em Bussiness.ServiceBussiness.GetServerPropertyByKey(String key) na C:\projeto ddtank 4.1\Source4.5\Bussiness\ServiceBussiness.cs:linha 280
16:17:59,565 - [MAIN] - ERROR - Bussiness.GameProperties - Cannot find server property ChristmasBeginDate,keep it default value!
16:17:59,570 - [MAIN] - ERROR - Bussiness.BaseBussiness - GetServerConfig
System.NullReferenceException: Referência de objeto não definida para uma instância de um objeto.
   em Bussiness.ServiceBussiness.GetServerPropertyByKey(String key) na C:\projeto ddtank 4.1\Source4.5\Bussiness\ServiceBussiness.cs:linha 280
16:17:59,573 - [MAIN] - ERROR - Bussiness.GameProperties - Cannot find server property ChristmasEndDate,keep it default value!
16:17:59,603 - [MAIN] - ERROR - Bussiness.BaseBussiness - GetServerConfig
System.NullReferenceException: Referência de objeto não definida para uma instância de um objeto.
   em Bussiness.ServiceBussiness.GetServerPropertyByKey(String key) na C:\projeto ddtank 4.1\Source4.5\Bussiness\ServiceBussiness.cs:linha 280
16:17:59,608 - [MAIN] - ERROR - Bussiness.GameProperties - Cannot find server property ChristmasGifts,keep it default value!
16:17:59,619 - [MAIN] - ERROR - Bussiness.BaseBussiness - GetServerConfig
System.NullReferenceException: Referência de objeto não definida para uma instância de um objeto.
   em Bussiness.ServiceBussiness.GetServerPropertyByKey(String key) na C:\projeto ddtank 4.1\Source4.5\Bussiness\ServiceBussiness.cs:linha 280
16:17:59,622 - [MAIN] - ERROR - Bussiness.GameProperties - Cannot find server property ChristmasGiftsMaxNum,keep it default value!
16:17:59,627 - [MAIN] - ERROR - Bussiness.BaseBussiness - GetServerConfig
System.NullReferenceException: Referência de objeto não definida para uma instância de um objeto.
   em Bussiness.ServiceBussiness.GetServerPropertyByKey(String key) na C:\projeto ddtank 4.1\Source4.5\Bussiness\ServiceBussiness.cs:linha 280
16:17:59,634 - [MAIN] - ERROR - Bussiness.GameProperties - Cannot find server property ChristmasBuildSnowmanDoubleMoney,keep it default value!
16:17:59,642 - [MAIN] - ERROR - Bussiness.BaseBussiness - GetServerConfig
System.NullReferenceException: Referência de objeto não definida para uma instância de um objeto.
   em Bussiness.ServiceBussiness.GetServerPropertyByKey(String key) na C:\projeto ddtank 4.1\Source4.5\Bussiness\ServiceBussiness.cs:linha 280
16:17:59,652 - [MAIN] - ERROR - Bussiness.GameProperties - Cannot find server property ChristmasBuyTimeMoney,keep it default value!
16:17:59,669 - [MAIN] - ERROR - Bussiness.BaseBussiness - GetServerConfig
System.NullReferenceException: Referência de objeto não definida para uma instância de um objeto.
   em Bussiness.ServiceBussiness.GetServerPropertyByKey(String key) na C:\projeto ddtank 4.1\Source4.5\Bussiness\ServiceBussiness.cs:linha 280
16:17:59,673 - [MAIN] - ERROR - Bussiness.GameProperties - Cannot find server property ChristmasMinute,keep it default value!
16:17:59,678 - [MAIN] - ERROR - Bussiness.BaseBussiness - GetServerConfig
System.NullReferenceException: Referência de objeto não definida para uma instância de um objeto.
   em Bussiness.ServiceBussiness.GetServerPropertyByKey(String key) na C:\projeto ddtank 4.1\Source4.5\Bussiness\ServiceBussiness.cs:linha 280
16:17:59,688 - [MAIN] - ERROR - Bussiness.GameProperties - Cannot find server property ChristmasBuyMinute,keep it default value!
16:17:59,698 - [MAIN] - ERROR - Bussiness.BaseBussiness - GetServerConfig
System.NullReferenceException: Referência de objeto não definida para uma instância de um objeto.
   em Bussiness.ServiceBussiness.GetServerPropertyByKey(String key) na C:\projeto ddtank 4.1\Source4.5\Bussiness\ServiceBussiness.cs:linha 280
16:17:59,700 - [MAIN] - ERROR - Bussiness.GameProperties - Cannot find server property DailyAwardState,keep it default value!
16:17:59,707 - [MAIN] - ERROR - Bussiness.BaseBussiness - GetServerConfig
System.NullReferenceException: Referência de objeto não definida para uma instância de um objeto.
   em Bussiness.ServiceBussiness.GetServerPropertyByKey(String key) na C:\projeto ddtank 4.1\Source4.5\Bussiness\ServiceBussiness.cs:linha 280
16:17:59,709 - [MAIN] - ERROR - Bussiness.GameProperties - Cannot find server property DDPlayActivityBeginDate,keep it default value!
16:17:59,718 - [MAIN] - ERROR - Bussiness.BaseBussiness - GetServerConfig
System.NullReferenceException: Referência de objeto não definida para uma instância de um objeto.
   em Bussiness.ServiceBussiness.GetServerPropertyByKey(String key) na C:\projeto ddtank 4.1\Source4.5\Bussiness\ServiceBussiness.cs:linha 280
16:17:59,722 - [MAIN] - ERROR - Bussiness.GameProperties - Cannot find server property DDPlayActivityEndDate,keep it default value!
16:17:59,731 - [MAIN] - ERROR - Bussiness.BaseBussiness - GetServerConfig
System.NullReferenceException: Referência de objeto não definida para uma instância de um objeto.
   em Bussiness.ServiceBussiness.GetServerPropertyByKey(String key) na C:\projeto ddtank 4.1\Source4.5\Bussiness\ServiceBussiness.cs:linha 280
16:17:59,735 - [MAIN] - ERROR - Bussiness.GameProperties - Cannot find server property DDPlayActivityMoney,keep it default value!
16:17:59,743 - [MAIN] - ERROR - Bussiness.BaseBussiness - GetServerConfig
System.NullReferenceException: Referência de objeto não definida para uma instância de um objeto.
   em Bussiness.ServiceBussiness.GetServerPropertyByKey(String key) na C:\projeto ddtank 4.1\Source4.5\Bussiness\ServiceBussiness.cs:linha 280
16:17:59,745 - [MAIN] - ERROR - Bussiness.GameProperties - Cannot find server property AdvanceRateValue,keep it default value!
16:17:59,757 - [MAIN] - ERROR - Bussiness.BaseBussiness - GetServerConfig
System.NullReferenceException: Referência de objeto não definida para uma instância de um objeto.
   em Bussiness.ServiceBussiness.GetServerPropertyByKey(String key) na C:\projeto ddtank 4.1\Source4.5\Bussiness\ServiceBussiness.cs:linha 280
16:17:59,761 - [MAIN] - ERROR - Bussiness.GameProperties - Cannot find server property DiceBeginTime,keep it default value!
16:17:59,770 - [MAIN] - ERROR - Bussiness.BaseBussiness - GetServerConfig
System.NullReferenceException: Referência de objeto não definida para uma instância de um objeto.
   em Bussiness.ServiceBussiness.GetServerPropertyByKey(String key) na C:\projeto ddtank 4.1\Source4.5\Bussiness\ServiceBussiness.cs:linha 280
16:17:59,773 - [MAIN] - ERROR - Bussiness.GameProperties - Cannot find server property DiceEndTime,keep it default value!
16:17:59,786 - [MAIN] - ERROR - Bussiness.BaseBussiness - GetServerConfig
System.NullReferenceException: Referência de objeto não definida para uma instância de um objeto.
   em Bussiness.ServiceBussiness.GetServerPropertyByKey(String key) na C:\projeto ddtank 4.1\Source4.5\Bussiness\ServiceBussiness.cs:linha 280
16:17:59,789 - [MAIN] - ERROR - Bussiness.GameProperties - Cannot find server property DiceGameAwardAndCount,keep it default value!
16:17:59,799 - [MAIN] - ERROR - Bussiness.BaseBussiness - GetServerConfig
System.NullReferenceException: Referência de objeto não definida para uma instância de um objeto.
   em Bussiness.ServiceBussiness.GetServerPropertyByKey(String key) na C:\projeto ddtank 4.1\Source4.5\Bussiness\ServiceBussiness.cs:linha 280
16:17:59,802 - [MAIN] - ERROR - Bussiness.GameProperties - Cannot find server property DiceRefreshPrice,keep it default value!
16:17:59,807 - [MAIN] - ERROR - Bussiness.BaseBussiness - GetServerConfig
System.NullReferenceException: Referência de objeto não definida para uma instância de um objeto.
   em Bussiness.ServiceBussiness.GetServerPropertyByKey(String key) na C:\projeto ddtank 4.1\Source4.5\Bussiness\ServiceBussiness.cs:linha 280
16:17:59,815 - [MAIN] - ERROR - Bussiness.GameProperties - Cannot find server property DisableCommands,keep it default value!
16:17:59,832 - [MAIN] - ERROR - Bussiness.BaseBussiness - GetServerConfig
System.NullReferenceException: Referência de objeto não definida para uma instância de um objeto.
   em Bussiness.ServiceBussiness.GetServerPropertyByKey(String key) na C:\projeto ddtank 4.1\Source4.5\Bussiness\ServiceBussiness.cs:linha 280
16:17:59,837 - [MAIN] - ERROR - Bussiness.GameProperties - Cannot find server property WarriorFamRaidPriceBig,keep it default value!
16:17:59,851 - [MAIN] - ERROR - Bussiness.BaseBussiness - GetServerConfig
System.NullReferenceException: Referência de objeto não definida para uma instância de um objeto.
   em Bussiness.ServiceBussiness.GetServerPropertyByKey(String key) na C:\projeto ddtank 4.1\Source4.5\Bussiness\ServiceBussiness.cs:linha 280
16:17:59,856 - [MAIN] - ERROR - Bussiness.GameProperties - Cannot find server property WarriorFamRaidDDTPrice,keep it default value!
16:17:59,867 - [MAIN] - ERROR - Bussiness.BaseBussiness - GetServerConfig
System.NullReferenceException: Referência de objeto não definida para uma instância de um objeto.
   em Bussiness.ServiceBussiness.GetServerPropertyByKey(String key) na C:\projeto ddtank 4.1\Source4.5\Bussiness\ServiceBussiness.cs:linha 280
16:17:59,870 - [MAIN] - ERROR - Bussiness.GameProperties - Cannot find server property WarriorFamRaidTimeRemain,keep it default value!
16:17:59,884 - [MAIN] - ERROR - Bussiness.BaseBussiness - GetServerConfig
System.NullReferenceException: Referência de objeto não definida para uma instância de um objeto.
   em Bussiness.ServiceBussiness.GetServerPropertyByKey(String key) na C:\projeto ddtank 4.1\Source4.5\Bussiness\ServiceBussiness.cs:linha 280
16:17:59,899 - [MAIN] - ERROR - Bussiness.GameProperties - Cannot find server property WarriorFamRaidPriceSmall,keep it default value!
16:17:59,911 - [MAIN] - ERROR - Bussiness.BaseBussiness - GetServerConfig
System.NullReferenceException: Referência de objeto não definida para uma instância de um objeto.
   em Bussiness.ServiceBussiness.GetServerPropertyByKey(String key) na C:\projeto ddtank 4.1\Source4.5\Bussiness\ServiceBussiness.cs:linha 280
16:17:59,918 - [MAIN] - ERROR - Bussiness.GameProperties - Cannot find server property WarriorFamRaidPricePerMin,keep it default value!
16:17:59,935 - [MAIN] - ERROR - Bussiness.BaseBussiness - GetServerConfig
System.NullReferenceException: Referência de objeto não definida para uma instância de um objeto.
   em Bussiness.ServiceBussiness.GetServerPropertyByKey(String key) na C:\projeto ddtank 4.1\Source4.5\Bussiness\ServiceBussiness.cs:linha 280
16:17:59,943 - [MAIN] - ERROR - Bussiness.GameProperties - Cannot find server property DoubleDicePrice,keep it default value!
16:17:59,954 - [MAIN] - ERROR - Bussiness.BaseBussiness - GetServerConfig
System.NullReferenceException: Referência de objeto não definida para uma instância de um objeto.
   em Bussiness.ServiceBussiness.GetServerPropertyByKey(String key) na C:\projeto ddtank 4.1\Source4.5\Bussiness\ServiceBussiness.cs:linha 280
16:17:59,957 - [MAIN] - ERROR - Bussiness.GameProperties - Cannot find server property DragonBoatAreaMinScore,keep it default value!
16:17:59,964 - [MAIN] - ERROR - Bussiness.BaseBussiness - GetServerConfig
System.NullReferenceException: Referência de objeto não definida para uma instância de um objeto.
   em Bussiness.ServiceBussiness.GetServerPropertyByKey(String key) na C:\projeto ddtank 4.1\Source4.5\Bussiness\ServiceBussiness.cs:linha 280
16:17:59,968 - [MAIN] - ERROR - Bussiness.GameProperties - Cannot find server property DragonBoatBeginDate,keep it default value!
16:17:59,975 - [MAIN] - ERROR - Bussiness.BaseBussiness - GetServerConfig
System.NullReferenceException: Referência de objeto não definida para uma instância de um objeto.
   em Bussiness.ServiceBussiness.GetServerPropertyByKey(String key) na C:\projeto ddtank 4.1\Source4.5\Bussiness\ServiceBussiness.cs:linha 280
16:17:59,980 - [MAIN] - ERROR - Bussiness.GameProperties - Cannot find server property DragonBoatByMoney,keep it default value!
16:17:59,988 - [MAIN] - ERROR - Bussiness.BaseBussiness - GetServerConfig
System.NullReferenceException: Referência de objeto não definida para uma instância de um objeto.
   em Bussiness.ServiceBussiness.GetServerPropertyByKey(String key) na C:\projeto ddtank 4.1\Source4.5\Bussiness\ServiceBussiness.cs:linha 280
16:17:59,991 - [MAIN] - ERROR - Bussiness.GameProperties - Cannot find server property DragonBoatByProps,keep it default value!
16:18:00,006 - [MAIN] - ERROR - Bussiness.BaseBussiness - GetServerConfig
System.NullReferenceException: Referência de objeto não definida para uma instância de um objeto.
   em Bussiness.ServiceBussiness.GetServerPropertyByKey(String key) na C:\projeto ddtank 4.1\Source4.5\Bussiness\ServiceBussiness.cs:linha 280
16:18:00,009 - [MAIN] - ERROR - Bussiness.GameProperties - Cannot find server property DragonBoatConvertHours,keep it default value!
16:18:00,044 - [MAIN] - ERROR - Bussiness.BaseBussiness - GetServerConfig
System.NullReferenceException: Referência de objeto não definida para uma instância de um objeto.
   em Bussiness.ServiceBussiness.GetServerPropertyByKey(String key) na C:\projeto ddtank 4.1\Source4.5\Bussiness\ServiceBussiness.cs:linha 280
16:18:00,078 - [MAIN] - ERROR - Bussiness.GameProperties - Cannot find server property DragonBoatEndDate,keep it default value!
16:18:00,103 - [MAIN] - ERROR - Bussiness.BaseBussiness - GetServerConfig
System.NullReferenceException: Referência de objeto não definida para uma instância de um objeto.
   em Bussiness.ServiceBussiness.GetServerPropertyByKey(String key) na C:\projeto ddtank 4.1\Source4.5\Bussiness\ServiceBussiness.cs:linha 280
16:18:00,142 - [MAIN] - ERROR - Bussiness.GameProperties - Cannot find server property DragonBoatMaxScore,keep it default value!
16:18:00,160 - [MAIN] - ERROR - Bussiness.BaseBussiness - GetServerConfig
System.NullReferenceException: Referência de objeto não definida para uma instância de um objeto.
   em Bussiness.ServiceBussiness.GetServerPropertyByKey(String key) na C:\projeto ddtank 4.1\Source4.5\Bussiness\ServiceBussiness.cs:linha 280
16:18:00,176 - [MAIN] - ERROR - Bussiness.GameProperties - Cannot find server property DragonBoatMinScore,keep it default value!
16:18:00,191 - [MAIN] - ERROR - Bussiness.BaseBussiness - GetServerConfig
System.NullReferenceException: Referência de objeto não definida para uma instância de um objeto.
   em Bussiness.ServiceBussiness.GetServerPropertyByKey(String key) na C:\projeto ddtank 4.1\Source4.5\Bussiness\ServiceBussiness.cs:linha 280
16:18:00,197 - [MAIN] - ERROR - Bussiness.GameProperties - Cannot find server property DragonBoatProp,keep it default value!
16:18:00,203 - [MAIN] - ERROR - Bussiness.BaseBussiness - GetServerConfig
System.NullReferenceException: Referência de objeto não definida para uma instância de um objeto.
   em Bussiness.ServiceBussiness.GetServerPropertyByKey(String key) na C:\projeto ddtank 4.1\Source4.5\Bussiness\ServiceBussiness.cs:linha 280
16:18:00,207 - [MAIN] - ERROR - Bussiness.GameProperties - Cannot find server property Edition,keep it default value!
16:18:00,215 - [MAIN] - ERROR - Bussiness.BaseBussiness - GetServerConfig
System.NullReferenceException: Referência de objeto não definida para uma instância de um objeto.
   em Bussiness.ServiceBussiness.GetServerPropertyByKey(String key) na C:\projeto ddtank 4.1\Source4.5\Bussiness\ServiceBussiness.cs:linha 280
16:18:00,234 - [MAIN] - ERROR - Bussiness.GameProperties - Cannot find server property EndAuction,keep it default value!
16:18:00,242 - [MAIN] - ERROR - Bussiness.BaseBussiness - GetServerConfig
System.NullReferenceException: Referência de objeto não definida para uma instância de um objeto.
   em Bussiness.ServiceBussiness.GetServerPropertyByKey(String key) na C:\projeto ddtank 4.1\Source4.5\Bussiness\ServiceBussiness.cs:linha 280
16:18:00,253 - [MAIN] - ERROR - Bussiness.GameProperties - Cannot find server property GodCardOpenOneTimeMoney,keep it default value!
16:18:00,263 - [MAIN] - ERROR - Bussiness.BaseBussiness - GetServerConfig
System.NullReferenceException: Referência de objeto não definida para uma instância de um objeto.
   em Bussiness.ServiceBussiness.GetServerPropertyByKey(String key) na C:\projeto ddtank 4.1\Source4.5\Bussiness\ServiceBussiness.cs:linha 280
16:18:00,269 - [MAIN] - ERROR - Bussiness.GameProperties - Cannot find server property GodCardOpenFiveTimeMoney,keep it default value!
16:18:00,276 - [MAIN] - ERROR - Bussiness.BaseBussiness - GetServerConfig
System.NullReferenceException: Referência de objeto não definida para uma instância de um objeto.
   em Bussiness.ServiceBussiness.GetServerPropertyByKey(String key) na C:\projeto ddtank 4.1\Source4.5\Bussiness\ServiceBussiness.cs:linha 280
16:18:00,281 - [MAIN] - ERROR - Bussiness.GameProperties - Cannot find server property SanXiaoStartTime,keep it default value!
16:18:00,301 - [MAIN] - ERROR - Bussiness.BaseBussiness - GetServerConfig
System.NullReferenceException: Referência de objeto não definida para uma instância de um objeto.
   em Bussiness.ServiceBussiness.GetServerPropertyByKey(String key) na C:\projeto ddtank 4.1\Source4.5\Bussiness\ServiceBussiness.cs:linha 280
16:18:00,317 - [MAIN] - ERROR - Bussiness.GameProperties - Cannot find server property SanXiaoEndTime,keep it default value!
16:18:00,334 - [MAIN] - ERROR - Bussiness.BaseBussiness - GetServerConfig
System.NullReferenceException: Referência de objeto não definida para uma instância de um objeto.
   em Bussiness.ServiceBussiness.GetServerPropertyByKey(String key) na C:\projeto ddtank 4.1\Source4.5\Bussiness\ServiceBussiness.cs:linha 280
16:18:00,338 - [MAIN] - ERROR - Bussiness.GameProperties - Cannot find server property EquipMaxRefineryLevel,keep it default value!
16:18:00,343 - [MAIN] - ERROR - Bussiness.BaseBussiness - GetServerConfig
System.NullReferenceException: Referência de objeto não definida para uma instância de um objeto.
   em Bussiness.ServiceBussiness.GetServerPropertyByKey(String key) na C:\projeto ddtank 4.1\Source4.5\Bussiness\ServiceBussiness.cs:linha 280
16:18:00,348 - [MAIN] - ERROR - Bussiness.GameProperties - Cannot find server property EquipRefineryExp,keep it default value!
16:18:00,356 - [MAIN] - ERROR - Bussiness.BaseBussiness - GetServerConfig
System.NullReferenceException: Referência de objeto não definida para uma instância de um objeto.
   em Bussiness.ServiceBussiness.GetServerPropertyByKey(String key) na C:\projeto ddtank 4.1\Source4.5\Bussiness\ServiceBussiness.cs:linha 280
16:18:00,372 - [MAIN] - ERROR - Bussiness.GameProperties - Cannot find server property FightFootballTime,keep it default value!
16:18:00,384 - [MAIN] - ERROR - Bussiness.BaseBussiness - GetServerConfig
System.NullReferenceException: Referência de objeto não definida para uma instância de um objeto.
   em Bussiness.ServiceBussiness.GetServerPropertyByKey(String key) na C:\projeto ddtank 4.1\Source4.5\Bussiness\ServiceBussiness.cs:linha 280
16:18:00,392 - [MAIN] - ERROR - Bussiness.GameProperties - Cannot find server property FreeExp,keep it default value!
16:18:00,401 - [MAIN] - ERROR - Bussiness.BaseBussiness - GetServerConfig
System.NullReferenceException: Referência de objeto não definida para uma instância de um objeto.
   em Bussiness.ServiceBussiness.GetServerPropertyByKey(String key) na C:\projeto ddtank 4.1\Source4.5\Bussiness\ServiceBussiness.cs:linha 280
16:18:00,406 - [MAIN] - ERROR - Bussiness.GameProperties - Cannot find server property FreeMoney,keep it default value!
16:18:00,410 - [MAIN] - ERROR - Bussiness.BaseBussiness - GetServerConfig
System.NullReferenceException: Referência de objeto não definida para uma instância de um objeto.
   em Bussiness.ServiceBussiness.GetServerPropertyByKey(String key) na C:\projeto ddtank 4.1\Source4.5\Bussiness\ServiceBussiness.cs:linha 280
16:18:00,416 - [MAIN] - ERROR - Bussiness.GameProperties - Cannot find server property HoleLevelUpExpList,keep it default value!
16:18:00,424 - [MAIN] - ERROR - Bussiness.BaseBussiness - GetServerConfig
System.NullReferenceException: Referência de objeto não definida para uma instância de um objeto.
   em Bussiness.ServiceBussiness.GetServerPropertyByKey(String key) na C:\projeto ddtank 4.1\Source4.5\Bussiness\ServiceBussiness.cs:linha 280
16:18:00,428 - [MAIN] - ERROR - Bussiness.GameProperties - Cannot find server property HotSpringExp,keep it default value!
16:18:00,439 - [MAIN] - ERROR - Bussiness.BaseBussiness - GetServerConfig
System.NullReferenceException: Referência de objeto não definida para uma instância de um objeto.
   em Bussiness.ServiceBussiness.GetServerPropertyByKey(String key) na C:\projeto ddtank 4.1\Source4.5\Bussiness\ServiceBussiness.cs:linha 280
16:18:00,442 - [MAIN] - ERROR - Bussiness.GameProperties - Cannot find server property IsActiveMoney,keep it default value!
16:18:00,449 - [MAIN] - ERROR - Bussiness.BaseBussiness - GetServerConfig
System.NullReferenceException: Referência de objeto não definida para uma instância de um objeto.
   em Bussiness.ServiceBussiness.GetServerPropertyByKey(String key) na C:\projeto ddtank 4.1\Source4.5\Bussiness\ServiceBussiness.cs:linha 280
16:18:00,454 - [MAIN] - ERROR - Bussiness.GameProperties - Cannot find server property IsDDTMoneyActive,keep it default value!
16:18:00,461 - [MAIN] - ERROR - Bussiness.BaseBussiness - GetServerConfig
System.NullReferenceException: Referência de objeto não definida para uma instância de um objeto.
   em Bussiness.ServiceBussiness.GetServerPropertyByKey(String key) na C:\projeto ddtank 4.1\Source4.5\Bussiness\ServiceBussiness.cs:linha 280
16:18:00,465 - [MAIN] - ERROR - Bussiness.GameProperties - Cannot find server property IsLimitAuction,keep it default value!
16:18:00,475 - [MAIN] - ERROR - Bussiness.BaseBussiness - GetServerConfig
System.NullReferenceException: Referência de objeto não definida para uma instância de um objeto.
   em Bussiness.ServiceBussiness.GetServerPropertyByKey(String key) na C:\projeto ddtank 4.1\Source4.5\Bussiness\ServiceBussiness.cs:linha 280
16:18:00,482 - [MAIN] - ERROR - Bussiness.GameProperties - Cannot find server property IsLimitCount,keep it default value!
16:18:00,488 - [MAIN] - ERROR - Bussiness.BaseBussiness - GetServerConfig
System.NullReferenceException: Referência de objeto não definida para uma instância de um objeto.
   em Bussiness.ServiceBussiness.GetServerPropertyByKey(String key) na C:\projeto ddtank 4.1\Source4.5\Bussiness\ServiceBussiness.cs:linha 280
16:18:00,492 - [MAIN] - ERROR - Bussiness.GameProperties - Cannot find server property IsLimitMail,keep it default value!
16:18:00,502 - [MAIN] - ERROR - Bussiness.BaseBussiness - GetServerConfig
System.NullReferenceException: Referência de objeto não definida para uma instância de um objeto.
   em Bussiness.ServiceBussiness.GetServerPropertyByKey(String key) na C:\projeto ddtank 4.1\Source4.5\Bussiness\ServiceBussiness.cs:linha 280
16:18:00,506 - [MAIN] - ERROR - Bussiness.GameProperties - Cannot find server property IsLimitMoney,keep it default value!
16:18:00,511 - [MAIN] - ERROR - Bussiness.BaseBussiness - GetServerConfig
System.NullReferenceException: Referência de objeto não definida para uma instância de um objeto.
   em Bussiness.ServiceBussiness.GetServerPropertyByKey(String key) na C:\projeto ddtank 4.1\Source4.5\Bussiness\ServiceBussiness.cs:linha 280
16:18:00,517 - [MAIN] - ERROR - Bussiness.GameProperties - Cannot find server property WishBeadRate,keep it default value!
16:18:00,523 - [MAIN] - ERROR - Bussiness.BaseBussiness - GetServerConfig
System.NullReferenceException: Referência de objeto não definida para uma instância de um objeto.
   em Bussiness.ServiceBussiness.GetServerPropertyByKey(String key) na C:\projeto ddtank 4.1\Source4.5\Bussiness\ServiceBussiness.cs:linha 280
16:18:00,534 - [MAIN] - ERROR - Bussiness.GameProperties - Cannot find server property WishBeadLimitLv,keep it default value!
16:18:00,544 - [MAIN] - ERROR - Bussiness.BaseBussiness - GetServerConfig
System.NullReferenceException: Referência de objeto não definida para uma instância de um objeto.
   em Bussiness.ServiceBussiness.GetServerPropertyByKey(String key) na C:\projeto ddtank 4.1\Source4.5\Bussiness\ServiceBussiness.cs:linha 280
16:18:00,548 - [MAIN] - ERROR - Bussiness.GameProperties - Cannot find server property IsWishBeadLimit,keep it default value!
16:18:00,553 - [MAIN] - ERROR - Bussiness.BaseBussiness - GetServerConfig
System.NullReferenceException: Referência de objeto não definida para uma instância de um objeto.
   em Bussiness.ServiceBussiness.GetServerPropertyByKey(String key) na C:\projeto ddtank 4.1\Source4.5\Bussiness\ServiceBussiness.cs:linha 280
16:18:00,556 - [MAIN] - ERROR - Bussiness.GameProperties - Cannot find server property IsPromotePackageOpen,keep it default value!
16:18:00,607 - [MAIN] - ERROR - Bussiness.BaseBussiness - GetServerConfig
System.NullReferenceException: Referência de objeto não definida para uma instância de um objeto.
   em Bussiness.ServiceBussiness.GetServerPropertyByKey(String key) na C:\projeto ddtank 4.1\Source4.5\Bussiness\ServiceBussiness.cs:linha 280
16:18:00,615 - [MAIN] - ERROR - Bussiness.GameProperties - Cannot find server property KingBuffPrice,keep it default value!
16:18:00,633 - [MAIN] - ERROR - Bussiness.BaseBussiness - GetServerConfig
System.NullReferenceException: Referência de objeto não definida para uma instância de um objeto.
   em Bussiness.ServiceBussiness.GetServerPropertyByKey(String key) na C:\projeto ddtank 4.1\Source4.5\Bussiness\ServiceBussiness.cs:linha 280
16:18:00,637 - [MAIN] - ERROR - Bussiness.GameProperties - Cannot find server property LightRiddleAnswerScore,keep it default value!
16:18:00,642 - [MAIN] - ERROR - Bussiness.BaseBussiness - GetServerConfig
System.NullReferenceException: Referência de objeto não definida para uma instância de um objeto.
   em Bussiness.ServiceBussiness.GetServerPropertyByKey(String key) na C:\projeto ddtank 4.1\Source4.5\Bussiness\ServiceBussiness.cs:linha 280
16:18:00,659 - [MAIN] - ERROR - Bussiness.GameProperties - Cannot find server property LightRiddleAnswerTime,keep it default value!
16:18:00,699 - [MAIN] - ERROR - Bussiness.BaseBussiness - GetServerConfig
System.NullReferenceException: Referência de objeto não definida para uma instância de um objeto.
   em Bussiness.ServiceBussiness.GetServerPropertyByKey(String key) na C:\projeto ddtank 4.1\Source4.5\Bussiness\ServiceBussiness.cs:linha 280
16:18:00,715 - [MAIN] - ERROR - Bussiness.GameProperties - Cannot find server property LightRiddleBeginDate,keep it default value!
16:18:00,723 - [MAIN] - ERROR - Bussiness.BaseBussiness - GetServerConfig
System.NullReferenceException: Referência de objeto não definida para uma instância de um objeto.
   em Bussiness.ServiceBussiness.GetServerPropertyByKey(String key) na C:\projeto ddtank 4.1\Source4.5\Bussiness\ServiceBussiness.cs:linha 280
16:18:00,725 - [MAIN] - ERROR - Bussiness.GameProperties - Cannot find server property LightRiddleBeginTime,keep it default value!
16:18:00,732 - [MAIN] - ERROR - Bussiness.BaseBussiness - GetServerConfig
System.NullReferenceException: Referência de objeto não definida para uma instância de um objeto.
   em Bussiness.ServiceBussiness.GetServerPropertyByKey(String key) na C:\projeto ddtank 4.1\Source4.5\Bussiness\ServiceBussiness.cs:linha 280
16:18:00,735 - [MAIN] - ERROR - Bussiness.GameProperties - Cannot find server property LightRiddleComboMoney,keep it default value!
16:18:00,740 - [MAIN] - ERROR - Bussiness.BaseBussiness - GetServerConfig
System.NullReferenceException: Referência de objeto não definida para uma instância de um objeto.
   em Bussiness.ServiceBussiness.GetServerPropertyByKey(String key) na C:\projeto ddtank 4.1\Source4.5\Bussiness\ServiceBussiness.cs:linha 280
16:18:00,745 - [MAIN] - ERROR - Bussiness.GameProperties - Cannot find server property LightRiddleEndDate,keep it default value!
16:18:00,755 - [MAIN] - ERROR - Bussiness.BaseBussiness - GetServerConfig
System.NullReferenceException: Referência de objeto não definida para uma instância de um objeto.
   em Bussiness.ServiceBussiness.GetServerPropertyByKey(String key) na C:\projeto ddtank 4.1\Source4.5\Bussiness\ServiceBussiness.cs:linha 280
16:18:00,758 - [MAIN] - ERROR - Bussiness.GameProperties - Cannot find server property LightRiddleEndTime,keep it default value!
16:18:00,767 - [MAIN] - ERROR - Bussiness.BaseBussiness - GetServerConfig
System.NullReferenceException: Referência de objeto não definida para uma instância de um objeto.
   em Bussiness.ServiceBussiness.GetServerPropertyByKey(String key) na C:\projeto ddtank 4.1\Source4.5\Bussiness\ServiceBussiness.cs:linha 280
16:18:00,770 - [MAIN] - ERROR - Bussiness.GameProperties - Cannot find server property LightRiddleFreeComboNum,keep it default value!
16:18:00,780 - [MAIN] - ERROR - Bussiness.BaseBussiness - GetServerConfig
System.NullReferenceException: Referência de objeto não definida para uma instância de um objeto.
   em Bussiness.ServiceBussiness.GetServerPropertyByKey(String key) na C:\projeto ddtank 4.1\Source4.5\Bussiness\ServiceBussiness.cs:linha 280
16:18:00,784 - [MAIN] - ERROR - Bussiness.GameProperties - Cannot find server property LightRiddleFreeHitNum,keep it default value!
16:18:00,790 - [MAIN] - ERROR - Bussiness.BaseBussiness - GetServerConfig
System.NullReferenceException: Referência de objeto não definida para uma instância de um objeto.
   em Bussiness.ServiceBussiness.GetServerPropertyByKey(String key) na C:\projeto ddtank 4.1\Source4.5\Bussiness\ServiceBussiness.cs:linha 280
16:18:00,794 - [MAIN] - ERROR - Bussiness.GameProperties - Cannot find server property LightRiddleHitMoney,keep it default value!
16:18:00,804 - [MAIN] - ERROR - Bussiness.BaseBussiness - GetServerConfig
System.NullReferenceException: Referência de objeto não definida para uma instância de um objeto.
   em Bussiness.ServiceBussiness.GetServerPropertyByKey(String key) na C:\projeto ddtank 4.1\Source4.5\Bussiness\ServiceBussiness.cs:linha 280
16:18:00,807 - [MAIN] - ERROR - Bussiness.GameProperties - Cannot find server property LightRiddleOpenLevel,keep it default value!
16:18:00,817 - [MAIN] - ERROR - Bussiness.BaseBussiness - GetServerConfig
System.NullReferenceException: Referência de objeto não definida para uma instância de um objeto.
   em Bussiness.ServiceBussiness.GetServerPropertyByKey(String key) na C:\projeto ddtank 4.1\Source4.5\Bussiness\ServiceBussiness.cs:linha 280
16:18:00,822 - [MAIN] - ERROR - Bussiness.GameProperties - Cannot find server property LimitAuction,keep it default value!
16:18:00,839 - [MAIN] - ERROR - Bussiness.BaseBussiness - GetServerConfig
System.NullReferenceException: Referência de objeto não definida para uma instância de um objeto.
   em Bussiness.ServiceBussiness.GetServerPropertyByKey(String key) na C:\projeto ddtank 4.1\Source4.5\Bussiness\ServiceBussiness.cs:linha 280
16:18:00,843 - [MAIN] - ERROR - Bussiness.GameProperties - Cannot find server property LimitCount,keep it default value!
16:18:00,857 - [MAIN] - ERROR - Bussiness.BaseBussiness - GetServerConfig
System.NullReferenceException: Referência de objeto não definida para uma instância de um objeto.
   em Bussiness.ServiceBussiness.GetServerPropertyByKey(String key) na C:\projeto ddtank 4.1\Source4.5\Bussiness\ServiceBussiness.cs:linha 280
16:18:00,859 - [MAIN] - ERROR - Bussiness.GameProperties - Cannot find server property LimitMail,keep it default value!
16:18:00,869 - [MAIN] - ERROR - Bussiness.BaseBussiness - GetServerConfig
System.NullReferenceException: Referência de objeto não definida para uma instância de um objeto.
   em Bussiness.ServiceBussiness.GetServerPropertyByKey(String key) na C:\projeto ddtank 4.1\Source4.5\Bussiness\ServiceBussiness.cs:linha 280
16:18:00,874 - [MAIN] - ERROR - Bussiness.GameProperties - Cannot find server property LimitMoney,keep it default value!
16:18:00,890 - [MAIN] - ERROR - Bussiness.BaseBussiness - GetServerConfig
System.NullReferenceException: Referência de objeto não definida para uma instância de um objeto.
   em Bussiness.ServiceBussiness.GetServerPropertyByKey(String key) na C:\projeto ddtank 4.1\Source4.5\Bussiness\ServiceBussiness.cs:linha 280
16:18:00,892 - [MAIN] - ERROR - Bussiness.GameProperties - Cannot find server property LuckStarActivityBeginDate,keep it default value!
16:18:00,903 - [MAIN] - ERROR - Bussiness.BaseBussiness - GetServerConfig
System.NullReferenceException: Referência de objeto não definida para uma instância de um objeto.
   em Bussiness.ServiceBussiness.GetServerPropertyByKey(String key) na C:\projeto ddtank 4.1\Source4.5\Bussiness\ServiceBussiness.cs:linha 280
16:18:00,909 - [MAIN] - ERROR - Bussiness.GameProperties - Cannot find server property LuckStarActivityEndDate,keep it default value!
16:18:00,917 - [MAIN] - ERROR - Bussiness.BaseBussiness - GetServerConfig
System.NullReferenceException: Referência de objeto não definida para uma instância de um objeto.
   em Bussiness.ServiceBussiness.GetServerPropertyByKey(String key) na C:\projeto ddtank 4.1\Source4.5\Bussiness\ServiceBussiness.cs:linha 280
16:18:00,920 - [MAIN] - ERROR - Bussiness.GameProperties - Cannot find server property MagicPackageID,keep it default value!
16:18:00,925 - [MAIN] - ERROR - Bussiness.BaseBussiness - GetServerConfig
System.NullReferenceException: Referência de objeto não definida para uma instância de um objeto.
   em Bussiness.ServiceBussiness.GetServerPropertyByKey(String key) na C:\projeto ddtank 4.1\Source4.5\Bussiness\ServiceBussiness.cs:linha 280
16:18:00,934 - [MAIN] - ERROR - Bussiness.GameProperties - Cannot find server property MagicStoneOpenPoint,keep it default value!
16:18:00,942 - [MAIN] - ERROR - Bussiness.BaseBussiness - GetServerConfig
System.NullReferenceException: Referência de objeto não definida para uma instância de um objeto.
   em Bussiness.ServiceBussiness.GetServerPropertyByKey(String key) na C:\projeto ddtank 4.1\Source4.5\Bussiness\ServiceBussiness.cs:linha 280
16:18:00,944 - [MAIN] - ERROR - Bussiness.GameProperties - Cannot find server property MaxMissionEnergy,keep it default value!
16:18:00,959 - [MAIN] - ERROR - Bussiness.BaseBussiness - GetServerConfig
System.NullReferenceException: Referência de objeto não definida para uma instância de um objeto.
   em Bussiness.ServiceBussiness.GetServerPropertyByKey(String key) na C:\projeto ddtank 4.1\Source4.5\Bussiness\ServiceBussiness.cs:linha 280
16:18:00,971 - [MAIN] - ERROR - Bussiness.GameProperties - Cannot find server property MinUseNum,keep it default value!
16:18:00,976 - [MAIN] - ERROR - Bussiness.BaseBussiness - GetServerConfig
System.NullReferenceException: Referência de objeto não definida para uma instância de um objeto.
   em Bussiness.ServiceBussiness.GetServerPropertyByKey(String key) na C:\projeto ddtank 4.1\Source4.5\Bussiness\ServiceBussiness.cs:linha 280
16:18:00,979 - [MAIN] - ERROR - Bussiness.GameProperties - Cannot find server property YearMonsterBeginDate,keep it default value!
16:18:00,985 - [MAIN] - ERROR - Bussiness.BaseBussiness - GetServerConfig
System.NullReferenceException: Referência de objeto não definida para uma instância de um objeto.
   em Bussiness.ServiceBussiness.GetServerPropertyByKey(String key) na C:\projeto ddtank 4.1\Source4.5\Bussiness\ServiceBussiness.cs:linha 280
16:18:00,994 - [MAIN] - ERROR - Bussiness.GameProperties - Cannot find server property YearMonsterEndDate,keep it default value!
16:18:01,005 - [MAIN] - ERROR - Bussiness.BaseBussiness - GetServerConfig
System.NullReferenceException: Referência de objeto não definida para uma instância de um objeto.
   em Bussiness.ServiceBussiness.GetServerPropertyByKey(String key) na C:\projeto ddtank 4.1\Source4.5\Bussiness\ServiceBussiness.cs:linha 280
16:18:01,010 - [MAIN] - ERROR - Bussiness.GameProperties - Cannot find server property YearMonsterBoxInfo,keep it default value!
16:18:01,019 - [MAIN] - ERROR - Bussiness.BaseBussiness - GetServerConfig
System.NullReferenceException: Referência de objeto não definida para uma instância de um objeto.
   em Bussiness.ServiceBussiness.GetServerPropertyByKey(String key) na C:\projeto ddtank 4.1\Source4.5\Bussiness\ServiceBussiness.cs:linha 280
16:18:01,026 - [MAIN] - ERROR - Bussiness.GameProperties - Cannot find server property YearMonsterBuffMoney,keep it default value!
16:18:01,037 - [MAIN] - ERROR - Bussiness.BaseBussiness - GetServerConfig
System.NullReferenceException: Referência de objeto não definida para uma instância de um objeto.
   em Bussiness.ServiceBussiness.GetServerPropertyByKey(String key) na C:\projeto ddtank 4.1\Source4.5\Bussiness\ServiceBussiness.cs:linha 280
16:18:01,044 - [MAIN] - ERROR - Bussiness.GameProperties - Cannot find server property YearMonsterFightNum,keep it default value!
16:18:01,059 - [MAIN] - ERROR - Bussiness.BaseBussiness - GetServerConfig
System.NullReferenceException: Referência de objeto não definida para uma instância de um objeto.
   em Bussiness.ServiceBussiness.GetServerPropertyByKey(String key) na C:\projeto ddtank 4.1\Source4.5\Bussiness\ServiceBussiness.cs:linha 280
16:18:01,062 - [MAIN] - ERROR - Bussiness.GameProperties - Cannot find server property YearMonsterHP,keep it default value!
16:18:01,071 - [MAIN] - ERROR - Bussiness.BaseBussiness - GetServerConfig
System.NullReferenceException: Referência de objeto não definida para uma instância de um objeto.
   em Bussiness.ServiceBussiness.GetServerPropertyByKey(String key) na C:\projeto ddtank 4.1\Source4.5\Bussiness\ServiceBussiness.cs:linha 280
16:18:01,073 - [MAIN] - ERROR - Bussiness.GameProperties - Cannot find server property YearMonsterOpenLevel,keep it default value!
16:18:01,081 - [MAIN] - ERROR - Bussiness.BaseBussiness - GetServerConfig
System.NullReferenceException: Referência de objeto não definida para uma instância de um objeto.
   em Bussiness.ServiceBussiness.GetServerPropertyByKey(String key) na C:\projeto ddtank 4.1\Source4.5\Bussiness\ServiceBussiness.cs:linha 280
16:18:01,084 - [MAIN] - ERROR - Bussiness.GameProperties - Cannot find server property NewChickenBeginTime,keep it default value!
16:18:01,104 - [MAIN] - ERROR - Bussiness.BaseBussiness - GetServerConfig
System.NullReferenceException: Referência de objeto não definida para uma instância de um objeto.
   em Bussiness.ServiceBussiness.GetServerPropertyByKey(String key) na C:\projeto ddtank 4.1\Source4.5\Bussiness\ServiceBussiness.cs:linha 280
16:18:01,108 - [MAIN] - ERROR - Bussiness.GameProperties - Cannot find server property NewChickenEndTime,keep it default value!
16:18:01,126 - [MAIN] - ERROR - Bussiness.BaseBussiness - GetServerConfig
System.NullReferenceException: Referência de objeto não definida para uma instância de um objeto.
   em Bussiness.ServiceBussiness.GetServerPropertyByKey(String key) na C:\projeto ddtank 4.1\Source4.5\Bussiness\ServiceBussiness.cs:linha 280
16:18:01,136 - [MAIN] - ERROR - Bussiness.GameProperties - Cannot find server property NewChickenEagleEyePrice,keep it default value!
16:18:01,146 - [MAIN] - ERROR - Bussiness.BaseBussiness - GetServerConfig
System.NullReferenceException: Referência de objeto não definida para uma instância de um objeto.
   em Bussiness.ServiceBussiness.GetServerPropertyByKey(String key) na C:\projeto ddtank 4.1\Source4.5\Bussiness\ServiceBussiness.cs:linha 280
16:18:01,160 - [MAIN] - ERROR - Bussiness.GameProperties - Cannot find server property NewChickenOpenCardPrice,keep it default value!
16:18:01,172 - [MAIN] - ERROR - Bussiness.BaseBussiness - GetServerConfig
System.NullReferenceException: Referência de objeto não definida para uma instância de um objeto.
   em Bussiness.ServiceBussiness.GetServerPropertyByKey(String key) na C:\projeto ddtank 4.1\Source4.5\Bussiness\ServiceBussiness.cs:linha 280
16:18:01,176 - [MAIN] - ERROR - Bussiness.GameProperties - Cannot find server property NewChickenFlushPrice,keep it default value!
16:18:01,187 - [MAIN] - ERROR - Bussiness.BaseBussiness - GetServerConfig
System.NullReferenceException: Referência de objeto não definida para uma instância de um objeto.
   em Bussiness.ServiceBussiness.GetServerPropertyByKey(String key) na C:\projeto ddtank 4.1\Source4.5\Bussiness\ServiceBussiness.cs:linha 280
16:18:01,190 - [MAIN] - ERROR - Bussiness.GameProperties - Cannot find server property OpenMagicStonePackageMoney,keep it default value!
16:18:01,195 - [MAIN] - ERROR - Bussiness.BaseBussiness - GetServerConfig
System.NullReferenceException: Referência de objeto não definida para uma instância de um objeto.
   em Bussiness.ServiceBussiness.GetServerPropertyByKey(String key) na C:\projeto ddtank 4.1\Source4.5\Bussiness\ServiceBussiness.cs:linha 280
16:18:01,201 - [MAIN] - ERROR - Bussiness.GameProperties - Cannot find server property OpenRunePackageMoney,keep it default value!
16:18:01,215 - [MAIN] - ERROR - Bussiness.BaseBussiness - GetServerConfig
System.NullReferenceException: Referência de objeto não definida para uma instância de um objeto.
   em Bussiness.ServiceBussiness.GetServerPropertyByKey(String key) na C:\projeto ddtank 4.1\Source4.5\Bussiness\ServiceBussiness.cs:linha 280
16:18:01,220 - [MAIN] - ERROR - Bussiness.GameProperties - Cannot find server property OpenRunePackageRange,keep it default value!
16:18:01,228 - [MAIN] - ERROR - Bussiness.BaseBussiness - GetServerConfig
System.NullReferenceException: Referência de objeto não definida para uma instância de um objeto.
   em Bussiness.ServiceBussiness.GetServerPropertyByKey(String key) na C:\projeto ddtank 4.1\Source4.5\Bussiness\ServiceBussiness.cs:linha 280
16:18:01,234 - [MAIN] - ERROR - Bussiness.GameProperties - Cannot find server property PetExp,keep it default value!
16:18:01,240 - [MAIN] - ERROR - Bussiness.BaseBussiness - GetServerConfig
System.NullReferenceException: Referência de objeto não definida para uma instância de um objeto.
   em Bussiness.ServiceBussiness.GetServerPropertyByKey(String key) na C:\projeto ddtank 4.1\Source4.5\Bussiness\ServiceBussiness.cs:linha 280
16:18:01,245 - [MAIN] - ERROR - Bussiness.GameProperties - Cannot find server property DivorcedMoney,keep it default value!
16:18:01,257 - [MAIN] - ERROR - Bussiness.BaseBussiness - GetServerConfig
System.NullReferenceException: Referência de objeto não definida para uma instância de um objeto.
   em Bussiness.ServiceBussiness.GetServerPropertyByKey(String key) na C:\projeto ddtank 4.1\Source4.5\Bussiness\ServiceBussiness.cs:linha 280
16:18:01,260 - [MAIN] - ERROR - Bussiness.GameProperties - Cannot find server property DivorcedDiscountMoney,keep it default value!
16:18:01,268 - [MAIN] - ERROR - Bussiness.BaseBussiness - GetServerConfig
System.NullReferenceException: Referência de objeto não definida para uma instância de um objeto.
   em Bussiness.ServiceBussiness.GetServerPropertyByKey(String key) na C:\projeto ddtank 4.1\Source4.5\Bussiness\ServiceBussiness.cs:linha 280
16:18:01,272 - [MAIN] - ERROR - Bussiness.GameProperties - Cannot find server property MustFusionGold,keep it default value!
16:18:01,283 - [MAIN] - ERROR - Bussiness.BaseBussiness - GetServerConfig
System.NullReferenceException: Referência de objeto não definida para uma instância de um objeto.
   em Bussiness.ServiceBussiness.GetServerPropertyByKey(String key) na C:\projeto ddtank 4.1\Source4.5\Bussiness\ServiceBussiness.cs:linha 280
16:18:01,288 - [MAIN] - ERROR - Bussiness.GameProperties - Cannot find server property MarryRoomCreateMoney,keep it default value!
16:18:01,298 - [MAIN] - ERROR - Bussiness.BaseBussiness - GetServerConfig
System.NullReferenceException: Referência de objeto não definida para uma instância de um objeto.
   em Bussiness.ServiceBussiness.GetServerPropertyByKey(String key) na C:\projeto ddtank 4.1\Source4.5\Bussiness\ServiceBussiness.cs:linha 280
16:18:01,301 - [MAIN] - ERROR - Bussiness.GameProperties - Cannot find server property HymenealMoney,keep it default value!
16:18:01,309 - [MAIN] - ERROR - Bussiness.BaseBussiness - GetServerConfig
System.NullReferenceException: Referência de objeto não definida para uma instância de um objeto.
   em Bussiness.ServiceBussiness.GetServerPropertyByKey(String key) na C:\projeto ddtank 4.1\Source4.5\Bussiness\ServiceBussiness.cs:linha 280
16:18:01,312 - [MAIN] - ERROR - Bussiness.GameProperties - Cannot find server property MustStrengthenGold,keep it default value!
16:18:01,328 - [MAIN] - ERROR - Bussiness.BaseBussiness - GetServerConfig
System.NullReferenceException: Referência de objeto não definida para uma instância de um objeto.
   em Bussiness.ServiceBussiness.GetServerPropertyByKey(String key) na C:\projeto ddtank 4.1\Source4.5\Bussiness\ServiceBussiness.cs:linha 280
16:18:01,338 - [MAIN] - ERROR - Bussiness.GameProperties - Cannot find server property PromotePackagePrice,keep it default value!
16:18:01,349 - [MAIN] - ERROR - Bussiness.BaseBussiness - GetServerConfig
System.NullReferenceException: Referência de objeto não definida para uma instância de um objeto.
   em Bussiness.ServiceBussiness.GetServerPropertyByKey(String key) na C:\projeto ddtank 4.1\Source4.5\Bussiness\ServiceBussiness.cs:linha 280
16:18:01,367 - [MAIN] - ERROR - Bussiness.GameProperties - Cannot find server property PyramidBeginTime,keep it default value!
16:18:01,394 - [MAIN] - ERROR - Bussiness.BaseBussiness - GetServerConfig
System.NullReferenceException: Referência de objeto não definida para uma instância de um objeto.
   em Bussiness.ServiceBussiness.GetServerPropertyByKey(String key) na C:\projeto ddtank 4.1\Source4.5\Bussiness\ServiceBussiness.cs:linha 280
16:18:01,400 - [MAIN] - ERROR - Bussiness.GameProperties - Cannot find server property PyramidEndTime,keep it default value!
16:18:01,405 - [MAIN] - ERROR - Bussiness.BaseBussiness - GetServerConfig
System.NullReferenceException: Referência de objeto não definida para uma instância de um objeto.
   em Bussiness.ServiceBussiness.GetServerPropertyByKey(String key) na C:\projeto ddtank 4.1\Source4.5\Bussiness\ServiceBussiness.cs:linha 280
16:18:01,407 - [MAIN] - ERROR - Bussiness.GameProperties - Cannot find server property PyramidRevivePrice,keep it default value!
16:18:01,415 - [MAIN] - ERROR - Bussiness.BaseBussiness - GetServerConfig
System.NullReferenceException: Referência de objeto não definida para uma instância de um objeto.
   em Bussiness.ServiceBussiness.GetServerPropertyByKey(String key) na C:\projeto ddtank 4.1\Source4.5\Bussiness\ServiceBussiness.cs:linha 280
16:18:01,417 - [MAIN] - ERROR - Bussiness.GameProperties - Cannot find server property PyramydTurnCardPrice,keep it default value!
16:18:01,426 - [MAIN] - ERROR - Bussiness.BaseBussiness - GetServerConfig
System.NullReferenceException: Referência de objeto não definida para uma instância de um objeto.
   em Bussiness.ServiceBussiness.GetServerPropertyByKey(String key) na C:\projeto ddtank 4.1\Source4.5\Bussiness\ServiceBussiness.cs:linha 280
16:18:01,441 - [MAIN] - ERROR - Bussiness.GameProperties - Cannot find server property RingLevel,keep it default value!
16:18:01,516 - [MAIN] - ERROR - Bussiness.BaseBussiness - GetServerConfig
System.NullReferenceException: Referência de objeto não definida para uma instância de um objeto.
   em Bussiness.ServiceBussiness.GetServerPropertyByKey(String key) na C:\projeto ddtank 4.1\Source4.5\Bussiness\ServiceBussiness.cs:linha 280
16:18:01,525 - [MAIN] - ERROR - Bussiness.GameProperties - Cannot find server property RingMaxRefineryLevel,keep it default value!
16:18:01,537 - [MAIN] - ERROR - Bussiness.BaseBussiness - GetServerConfig
System.NullReferenceException: Referência de objeto não definida para uma instância de um objeto.
   em Bussiness.ServiceBussiness.GetServerPropertyByKey(String key) na C:\projeto ddtank 4.1\Source4.5\Bussiness\ServiceBussiness.cs:linha 280
16:18:01,542 - [MAIN] - ERROR - Bussiness.GameProperties - Cannot find server property RuneLevelUpExp,keep it default value!
16:18:01,555 - [MAIN] - ERROR - Bussiness.BaseBussiness - GetServerConfig
System.NullReferenceException: Referência de objeto não definida para uma instância de um objeto.
   em Bussiness.ServiceBussiness.GetServerPropertyByKey(String key) na C:\projeto ddtank 4.1\Source4.5\Bussiness\ServiceBussiness.cs:linha 280
16:18:01,557 - [MAIN] - ERROR - Bussiness.GameProperties - Cannot find server property RunePackageID,keep it default value!
16:18:01,589 - [MAIN] - ERROR - Bussiness.BaseBussiness - GetServerConfig
System.NullReferenceException: Referência de objeto não definida para uma instância de um objeto.
   em Bussiness.ServiceBussiness.GetServerPropertyByKey(String key) na C:\projeto ddtank 4.1\Source4.5\Bussiness\ServiceBussiness.cs:linha 280
16:18:01,593 - [MAIN] - ERROR - Bussiness.GameProperties - Cannot find server property SearchGoodsFreeCount,keep it default value!
16:18:01,598 - [MAIN] - ERROR - Bussiness.BaseBussiness - GetServerConfig
System.NullReferenceException: Referência de objeto não definida para uma instância de um objeto.
   em Bussiness.ServiceBussiness.GetServerPropertyByKey(String key) na C:\projeto ddtank 4.1\Source4.5\Bussiness\ServiceBussiness.cs:linha 280
16:18:01,606 - [MAIN] - ERROR - Bussiness.GameProperties - Cannot find server property SearchGoodsFreeLimit,keep it default value!
16:18:01,617 - [MAIN] - ERROR - Bussiness.BaseBussiness - GetServerConfig
System.NullReferenceException: Referência de objeto não definida para uma instância de um objeto.
   em Bussiness.ServiceBussiness.GetServerPropertyByKey(String key) na C:\projeto ddtank 4.1\Source4.5\Bussiness\ServiceBussiness.cs:linha 280
16:18:01,622 - [MAIN] - ERROR - Bussiness.GameProperties - Cannot find server property SearchGoodsPayMoney,keep it default value!
16:18:01,630 - [MAIN] - ERROR - Bussiness.BaseBussiness - GetServerConfig
System.NullReferenceException: Referência de objeto não definida para uma instância de um objeto.
   em Bussiness.ServiceBussiness.GetServerPropertyByKey(String key) na C:\projeto ddtank 4.1\Source4.5\Bussiness\ServiceBussiness.cs:linha 280
16:18:01,632 - [MAIN] - ERROR - Bussiness.GameProperties - Cannot find server property SearchGoodsTakeCardMoney,keep it default value!
16:18:01,640 - [MAIN] - ERROR - Bussiness.BaseBussiness - GetServerConfig
System.NullReferenceException: Referência de objeto não definida para uma instância de um objeto.
   em Bussiness.ServiceBussiness.GetServerPropertyByKey(String key) na C:\projeto ddtank 4.1\Source4.5\Bussiness\ServiceBussiness.cs:linha 280
16:18:01,642 - [MAIN] - ERROR - Bussiness.GameProperties - Cannot find server property SpaPriRoomContinueTime,keep it default value!
16:18:01,652 - [MAIN] - ERROR - Bussiness.BaseBussiness - GetServerConfig
System.NullReferenceException: Referência de objeto não definida para uma instância de um objeto.
   em Bussiness.ServiceBussiness.GetServerPropertyByKey(String key) na C:\projeto ddtank 4.1\Source4.5\Bussiness\ServiceBussiness.cs:linha 280
16:18:01,660 - [MAIN] - ERROR - Bussiness.GameProperties - Cannot find server property SpaPubRoomLoginPay,keep it default value!
16:18:01,670 - [MAIN] - ERROR - Bussiness.BaseBussiness - GetServerConfig
System.NullReferenceException: Referência de objeto não definida para uma instância de um objeto.
   em Bussiness.ServiceBussiness.GetServerPropertyByKey(String key) na C:\projeto ddtank 4.1\Source4.5\Bussiness\ServiceBussiness.cs:linha 280
16:18:01,677 - [MAIN] - ERROR - Bussiness.GameProperties - Cannot find server property TestActive,keep it default value!
16:18:01,689 - [MAIN] - ERROR - Bussiness.BaseBussiness - GetServerConfig
System.NullReferenceException: Referência de objeto não definida para uma instância de um objeto.
   em Bussiness.ServiceBussiness.GetServerPropertyByKey(String key) na C:\projeto ddtank 4.1\Source4.5\Bussiness\ServiceBussiness.cs:linha 280
16:18:01,692 - [MAIN] - ERROR - Bussiness.GameProperties - Cannot find server property VIPExpForEachLv,keep it default value!
16:18:01,696 - [MAIN] - ERROR - Bussiness.BaseBussiness - GetServerConfig
System.NullReferenceException: Referência de objeto não definida para uma instância de um objeto.
   em Bussiness.ServiceBussiness.GetServerPropertyByKey(String key) na C:\projeto ddtank 4.1\Source4.5\Bussiness\ServiceBussiness.cs:linha 280
16:18:01,701 - [MAIN] - ERROR - Bussiness.GameProperties - Cannot find server property VIPStrengthenEx,keep it default value!
16:18:01,711 - [MAIN] - ERROR - Bussiness.BaseBussiness - GetServerConfig
System.NullReferenceException: Referência de objeto não definida para uma instância de um objeto.
   em Bussiness.ServiceBussiness.GetServerPropertyByKey(String key) na C:\projeto ddtank 4.1\Source4.5\Bussiness\ServiceBussiness.cs:linha 280
16:18:01,715 - [MAIN] - ERROR - Bussiness.GameProperties - Cannot find server property VirtualName,keep it default value!
16:18:01,722 - [MAIN] - ERROR - Bussiness.BaseBussiness - GetServerConfig
System.NullReferenceException: Referência de objeto não definida para uma instância de um objeto.
   em Bussiness.ServiceBussiness.GetServerPropertyByKey(String key) na C:\projeto ddtank 4.1\Source4.5\Bussiness\ServiceBussiness.cs:linha 280
16:18:01,726 - [MAIN] - ERROR - Bussiness.GameProperties - Cannot find server property TimeForLeague,keep it default value!
16:18:01,734 - [MAIN] - ERROR - Bussiness.BaseBussiness - GetServerConfig
System.NullReferenceException: Referência de objeto não definida para uma instância de um objeto.
   em Bussiness.ServiceBussiness.GetServerPropertyByKey(String key) na C:\projeto ddtank 4.1\Source4.5\Bussiness\ServiceBussiness.cs:linha 280
16:18:01,738 - [MAIN] - ERROR - Bussiness.GameProperties - Cannot find server property AcademyMasterFreezeHours,keep it default value!
16:18:01,744 - [MAIN] - ERROR - Bussiness.BaseBussiness - GetServerConfig
System.NullReferenceException: Referência de objeto não definida para uma instância de um objeto.
   em Bussiness.ServiceBussiness.GetServerPropertyByKey(String key) na C:\projeto ddtank 4.1\Source4.5\Bussiness\ServiceBussiness.cs:linha 280
16:18:01,754 - [MAIN] - ERROR - Bussiness.GameProperties - Cannot find server property AcademyApprenticeFreezeHours,keep it default value!
16:18:01,760 - [MAIN] - ERROR - Bussiness.BaseBussiness - GetServerConfig
System.NullReferenceException: Referência de objeto não definida para uma instância de um objeto.
   em Bussiness.ServiceBussiness.GetServerPropertyByKey(String key) na C:\projeto ddtank 4.1\Source4.5\Bussiness\ServiceBussiness.cs:linha 280
16:18:01,767 - [MAIN] - ERROR - Bussiness.GameProperties - Cannot find server property AcademyApprenticeAward,keep it default value!
16:18:01,776 - [MAIN] - ERROR - Bussiness.BaseBussiness - GetServerConfig
System.NullReferenceException: Referência de objeto não definida para uma instância de um objeto.
   em Bussiness.ServiceBussiness.GetServerPropertyByKey(String key) na C:\projeto ddtank 4.1\Source4.5\Bussiness\ServiceBussiness.cs:linha 280
16:18:01,778 - [MAIN] - ERROR - Bussiness.GameProperties - Cannot find server property AcademyMasterAward,keep it default value!
16:18:01,785 - [MAIN] - ERROR - Bussiness.BaseBussiness - GetServerConfig
System.NullReferenceException: Referência de objeto não definida para uma instância de um objeto.
   em Bussiness.ServiceBussiness.GetServerPropertyByKey(String key) na C:\projeto ddtank 4.1\Source4.5\Bussiness\ServiceBussiness.cs:linha 280
16:18:01,787 - [MAIN] - ERROR - Bussiness.GameProperties - Cannot find server property AcademyAppAwardComplete,keep it default value!
16:18:01,792 - [MAIN] - ERROR - Bussiness.BaseBussiness - GetServerConfig
System.NullReferenceException: Referência de objeto não definida para uma instância de um objeto.
   em Bussiness.ServiceBussiness.GetServerPropertyByKey(String key) na C:\projeto ddtank 4.1\Source4.5\Bussiness\ServiceBussiness.cs:linha 280
16:18:01,800 - [MAIN] - ERROR - Bussiness.GameProperties - Cannot find server property AcademyMasAwardComplete,keep it default value!
16:18:01,806 - [MAIN] - ERROR - Bussiness.BaseBussiness - GetServerConfig
System.NullReferenceException: Referência de objeto não definida para uma instância de um objeto.
   em Bussiness.ServiceBussiness.GetServerPropertyByKey(String key) na C:\projeto ddtank 4.1\Source4.5\Bussiness\ServiceBussiness.cs:linha 280
16:18:01,809 - [MAIN] - ERROR - Bussiness.GameProperties - Cannot find server property AcademyMasterExpPlus,keep it default value!
16:18:01,815 - [MAIN] - ERROR - Bussiness.BaseBussiness - GetServerConfig
System.NullReferenceException: Referência de objeto não definida para uma instância de um objeto.
   em Bussiness.ServiceBussiness.GetServerPropertyByKey(String key) na C:\projeto ddtank 4.1\Source4.5\Bussiness\ServiceBussiness.cs:linha 280
16:18:01,819 - [MAIN] - ERROR - Bussiness.GameProperties - Cannot find server property LeftRouterRateData,keep it default value!
16:18:01,824 - [MAIN] - ERROR - Bussiness.BaseBussiness - GetServerConfig
System.NullReferenceException: Referência de objeto não definida para uma instância de um objeto.
   em Bussiness.ServiceBussiness.GetServerPropertyByKey(String key) na C:\projeto ddtank 4.1\Source4.5\Bussiness\ServiceBussiness.cs:linha 280
16:18:01,826 - [MAIN] - ERROR - Bussiness.GameProperties - Cannot find server property LeftRouterMaxDay,keep it default value!
16:18:01,843 - [MAIN] - ERROR - Bussiness.BaseBussiness - GetServerConfig
System.NullReferenceException: Referência de objeto não definida para uma instância de um objeto.
   em Bussiness.ServiceBussiness.GetServerPropertyByKey(String key) na C:\projeto ddtank 4.1\Source4.5\Bussiness\ServiceBussiness.cs:linha 280
16:18:01,849 - [MAIN] - ERROR - Bussiness.GameProperties - Cannot find server property LeftRouterEndDate,keep it default value!
16:18:01,861 - [MAIN] - ERROR - Bussiness.BaseBussiness - GetServerConfig
System.NullReferenceException: Referência de objeto não definida para uma instância de um objeto.
   em Bussiness.ServiceBussiness.GetServerPropertyByKey(String key) na C:\projeto ddtank 4.1\Source4.5\Bussiness\ServiceBussiness.cs:linha 280
16:18:01,871 - [MAIN] - ERROR - Bussiness.GameProperties - Cannot find server property EliteGameBlockWeapon,keep it default value!
16:18:01,886 - [MAIN] - ERROR - Bussiness.BaseBussiness - GetServerConfig
System.NullReferenceException: Referência de objeto não definida para uma instância de um objeto.
   em Bussiness.ServiceBussiness.GetServerPropertyByKey(String key) na C:\projeto ddtank 4.1\Source4.5\Bussiness\ServiceBussiness.cs:linha 280
16:18:01,895 - [MAIN] - ERROR - Bussiness.GameProperties - Cannot find server property EliteGameDayOpening,keep it default value!
16:18:01,906 - [MAIN] - ERROR - Bussiness.BaseBussiness - GetServerConfig
System.NullReferenceException: Referência de objeto não definida para uma instância de um objeto.
   em Bussiness.ServiceBussiness.GetServerPropertyByKey(String key) na C:\projeto ddtank 4.1\Source4.5\Bussiness\ServiceBussiness.cs:linha 280
16:18:01,911 - [MAIN] - ERROR - Bussiness.GameProperties - Cannot find server property FightLibAwardGift,keep it default value!
16:18:01,925 - [MAIN] - ERROR - Bussiness.BaseBussiness - GetServerConfig
System.NullReferenceException: Referência de objeto não definida para uma instância de um objeto.
   em Bussiness.ServiceBussiness.GetServerPropertyByKey(String key) na C:\projeto ddtank 4.1\Source4.5\Bussiness\ServiceBussiness.cs:linha 280
16:18:01,927 - [MAIN] - ERROR - Bussiness.GameProperties - Cannot find server property FightLibAwardExp,keep it default value!
16:18:01,935 - [MAIN] - ERROR - Bussiness.BaseBussiness - GetServerConfig
System.NullReferenceException: Referência de objeto não definida para uma instância de um objeto.
   em Bussiness.ServiceBussiness.GetServerPropertyByKey(String key) na C:\projeto ddtank 4.1\Source4.5\Bussiness\ServiceBussiness.cs:linha 280
16:18:01,939 - [MAIN] - ERROR - Bussiness.GameProperties - Cannot find server property MissionRiches,keep it default value!
16:18:01,946 - [MAIN] - ERROR - Bussiness.BaseBussiness - GetServerConfig
System.NullReferenceException: Referência de objeto não definida para uma instância de um objeto.
   em Bussiness.ServiceBussiness.GetServerPropertyByKey(String key) na C:\projeto ddtank 4.1\Source4.5\Bussiness\ServiceBussiness.cs:linha 280
16:18:01,955 - [MAIN] - ERROR - Bussiness.GameProperties - Cannot find server property MissionAwardRiches,keep it default value!
16:18:01,964 - [MAIN] - ERROR - Bussiness.BaseBussiness - GetServerConfig
System.NullReferenceException: Referência de objeto não definida para uma instância de um objeto.
   em Bussiness.ServiceBussiness.GetServerPropertyByKey(String key) na C:\projeto ddtank 4.1\Source4.5\Bussiness\ServiceBussiness.cs:linha 280
16:18:01,968 - [MAIN] - ERROR - Bussiness.GameProperties - Cannot find server property MissionAwardGP,keep it default value!
16:18:01,973 - [MAIN] - ERROR - Bussiness.BaseBussiness - GetServerConfig
System.NullReferenceException: Referência de objeto não definida para uma instância de um objeto.
   em Bussiness.ServiceBussiness.GetServerPropertyByKey(String key) na C:\projeto ddtank 4.1\Source4.5\Bussiness\ServiceBussiness.cs:linha 280
16:18:01,975 - [MAIN] - ERROR - Bussiness.GameProperties - Cannot find server property MissionAwardOffer,keep it default value!
16:18:01,984 - [MAIN] - ERROR - Bussiness.BaseBussiness - GetServerConfig
System.NullReferenceException: Referência de objeto não definida para uma instância de um objeto.
   em Bussiness.ServiceBussiness.GetServerPropertyByKey(String key) na C:\projeto ddtank 4.1\Source4.5\Bussiness\ServiceBussiness.cs:linha 280
16:18:01,989 - [MAIN] - ERROR - Bussiness.GameProperties - Cannot find server property MissionMinute,keep it default value!
16:18:01,995 - [MAIN] - ERROR - Bussiness.BaseBussiness - GetServerConfig
System.NullReferenceException: Referência de objeto não definida para uma instância de um objeto.
   em Bussiness.ServiceBussiness.GetServerPropertyByKey(String key) na C:\projeto ddtank 4.1\Source4.5\Bussiness\ServiceBussiness.cs:linha 280
16:18:02,001 - [MAIN] - ERROR - Bussiness.GameProperties - Cannot find server property MissionBuffDay,keep it default value!
16:18:02,007 - [MAIN] - ERROR - Bussiness.BaseBussiness - GetServerConfig
System.NullReferenceException: Referência de objeto não definida para uma instância de um objeto.
   em Bussiness.ServiceBussiness.GetServerPropertyByKey(String key) na C:\projeto ddtank 4.1\Source4.5\Bussiness\ServiceBussiness.cs:linha 280
16:18:02,013 - [MAIN] - ERROR - Bussiness.GameProperties - Cannot find server property InlayGoldPrice,keep it default value!
16:18:02,023 - [MAIN] - ERROR - Bussiness.BaseBussiness - GetServerConfig
System.NullReferenceException: Referência de objeto não definida para uma instância de um objeto.
   em Bussiness.ServiceBussiness.GetServerPropertyByKey(String key) na C:\projeto ddtank 4.1\Source4.5\Bussiness\ServiceBussiness.cs:linha 280
16:18:02,027 - [MAIN] - ERROR - Bussiness.GameProperties - Cannot find server property FightSpiritSwitch,keep it default value!
16:18:02,037 - [MAIN] - ERROR - Bussiness.BaseBussiness - GetServerConfig
System.NullReferenceException: Referência de objeto não definida para uma instância de um objeto.
   em Bussiness.ServiceBussiness.GetServerPropertyByKey(String key) na C:\projeto ddtank 4.1\Source4.5\Bussiness\ServiceBussiness.cs:linha 280
16:18:02,041 - [MAIN] - ERROR - Bussiness.GameProperties - Cannot find server property FightSpiritMaxLevel,keep it default value!
16:18:02,053 - [MAIN] - ERROR - Bussiness.BaseBussiness - GetServerConfig
System.NullReferenceException: Referência de objeto não definida para uma instância de um objeto.
   em Bussiness.ServiceBussiness.GetServerPropertyByKey(String key) na C:\projeto ddtank 4.1\Source4.5\Bussiness\ServiceBussiness.cs:linha 280
16:18:02,058 - [MAIN] - ERROR - Bussiness.GameProperties - Cannot find server property SendLittleGameActived,keep it default value!
16:18:02,073 - [MAIN] - ERROR - Bussiness.BaseBussiness - GetServerConfig
System.NullReferenceException: Referência de objeto não definida para uma instância de um objeto.
   em Bussiness.ServiceBussiness.GetServerPropertyByKey(String key) na C:\projeto ddtank 4.1\Source4.5\Bussiness\ServiceBussiness.cs:linha 280
16:18:02,084 - [MAIN] - ERROR - Bussiness.GameProperties - Cannot find server property FightSpiritLevelAddDamage,keep it default value!
16:18:02,093 - [MAIN] - ERROR - Bussiness.BaseBussiness - GetServerConfig
System.NullReferenceException: Referência de objeto não definida para uma instância de um objeto.
   em Bussiness.ServiceBussiness.GetServerPropertyByKey(String key) na C:\projeto ddtank 4.1\Source4.5\Bussiness\ServiceBussiness.cs:linha 280
16:18:02,100 - [MAIN] - ERROR - Bussiness.GameProperties - Cannot find server property MysteryShopOpenTime,keep it default value!
16:18:02,109 - [MAIN] - ERROR - Bussiness.BaseBussiness - GetServerConfig
System.NullReferenceException: Referência de objeto não definida para uma instância de um objeto.
   em Bussiness.ServiceBussiness.GetServerPropertyByKey(String key) na C:\projeto ddtank 4.1\Source4.5\Bussiness\ServiceBussiness.cs:linha 280
16:18:02,116 - [MAIN] - ERROR - Bussiness.GameProperties - Cannot find server property MysteryShopFreshTime,keep it default value!
16:18:02,124 - [MAIN] - ERROR - Bussiness.BaseBussiness - GetServerConfig
System.NullReferenceException: Referência de objeto não definida para uma instância de um objeto.
   em Bussiness.ServiceBussiness.GetServerPropertyByKey(String key) na C:\projeto ddtank 4.1\Source4.5\Bussiness\ServiceBussiness.cs:linha 280
16:18:02,126 - [MAIN] - ERROR - Bussiness.GameProperties - Cannot find server property ClientVersion,keep it default value!
16:18:02,133 - [MAIN] - ERROR - Bussiness.BaseBussiness - GetServerConfig
System.NullReferenceException: Referência de objeto não definida para uma instância de um objeto.
   em Bussiness.ServiceBussiness.GetServerPropertyByKey(String key) na C:\projeto ddtank 4.1\Source4.5\Bussiness\ServiceBussiness.cs:linha 280
16:18:02,136 - [MAIN] - ERROR - Bussiness.GameProperties - Cannot find server property HalloweenEndDate,keep it default value!
16:18:02,144 - [MAIN] - ERROR - Bussiness.BaseBussiness - GetServerConfig
System.NullReferenceException: Referência de objeto não definida para uma instância de um objeto.
   em Bussiness.ServiceBussiness.GetServerPropertyByKey(String key) na C:\projeto ddtank 4.1\Source4.5\Bussiness\ServiceBussiness.cs:linha 280
16:18:02,148 - [MAIN] - ERROR - Bussiness.GameProperties - Cannot find server property DDPlayBeginDate,keep it default value!
16:18:02,153 - [MAIN] - ERROR - Bussiness.BaseBussiness - GetServerConfig
System.NullReferenceException: Referência de objeto não definida para uma instância de um objeto.
   em Bussiness.ServiceBussiness.GetServerPropertyByKey(String key) na C:\projeto ddtank 4.1\Source4.5\Bussiness\ServiceBussiness.cs:linha 280
16:18:02,156 - [MAIN] - ERROR - Bussiness.GameProperties - Cannot find server property DDPlayEndDate,keep it default value!
16:18:02,160 - [MAIN] - ERROR - Bussiness.BaseBussiness - GetServerConfig
System.NullReferenceException: Referência de objeto não definida para uma instância de um objeto.
   em Bussiness.ServiceBussiness.GetServerPropertyByKey(String key) na C:\projeto ddtank 4.1\Source4.5\Bussiness\ServiceBussiness.cs:linha 280
16:18:02,173 - [MAIN] - ERROR - Bussiness.GameProperties - Cannot find server property DDPlayMoney,keep it default value!
16:18:02,187 - [MAIN] - ERROR - Bussiness.BaseBussiness - GetServerConfig
System.NullReferenceException: Referência de objeto não definida para uma instância de um objeto.
   em Bussiness.ServiceBussiness.GetServerPropertyByKey(String key) na C:\projeto ddtank 4.1\Source4.5\Bussiness\ServiceBussiness.cs:linha 280
16:18:02,196 - [MAIN] - ERROR - Bussiness.GameProperties - Cannot find server property ExchangeFold,keep it default value!
16:18:02,233 - [MAIN] - ERROR - Bussiness.BaseBussiness - GetAllConsortiaLevel
System.NullReferenceException: Referência de objeto não definida para uma instância de um objeto.
   em Bussiness.ConsortiaBussiness.GetAllConsortiaLevel() na C:\projeto ddtank 4.1\Source4.5\Bussiness\ConsortiaBussiness.cs:linha 729
